#
# There is insufficient memory for the Java Runtime Environment to continue.
# Native memory allocation (mmap) failed to map 125829120 bytes for G1 virtual space
# Possible reasons:
#   The system is out of physical RAM or swap space
#   The process is running with CompressedOops enabled, and the Java Heap may be blocking the growth of the native heap
# Possible solutions:
#   Reduce memory load on the system
#   Increase physical memory or swap space
#   Check if swap backing store is full
#   Decrease Java heap size (-Xmx/-Xms)
#   Decrease number of Java threads
#   Decrease Java thread stack sizes (-Xss)
#   Set larger code cache with -XX:ReservedCodeCacheSize=
#   JVM is running with Unscaled Compressed Oops mode in which the Java heap is
#     placed in the first 4GB address space. The Java Heap base address is the
#     maximum limit for the native heap growth. Please use -XX:HeapBaseMinAddress
#     to set the Java Heap base and to place the Java Heap above 4GB virtual address.
# This output file may be truncated or incomplete.
#
#  Out of Memory Error (os_windows.cpp:3541), pid=16412, tid=11120
#
# JRE version:  (17.0.5+9) (build )
# Java VM: Java HotSpot(TM) 64-Bit Server VM (17.0.5+9-LTS-191, mixed mode, sharing, tiered, compressed oops, compressed class ptrs, g1 gc, windows-amd64)
# No core dump will be written. Minidumps are not enabled by default on client versions of Windows
#

---------------  S U M M A R Y ------------

Command Line: -Dfile.encoding=UTF-8 -Dstdout.encoding=UTF-8 -Dstderr.encoding=UTF-8 --module-path=C:\Users\Dorian\eclipse-workspace\myFirstClass\bin -XX:+ShowCodeDetailsInExceptionMessages -Djdk.module.main=myFirstClass myFirstClass/methods.BMI

Host: Intel(R) Core(TM) i7-8550U CPU @ 1.80GHz, 8 cores, 7G,  Windows 11 , 64 bit Build 22621 (10.0.22621.3958)
Time: Tue Nov  5 09:20:58 2024 E. Africa Standard Time elapsed time: 0.069572 seconds (0d 0h 0m 0s)

---------------  T H R E A D  ---------------

Current thread (0x000001f6750e0d30):  JavaThread "Unknown thread" [_thread_in_vm, id=11120, stack(0x0000000de8f00000,0x0000000de9000000)]

Stack: [0x0000000de8f00000,0x0000000de9000000]
Native frames: (J=compiled Java code, j=interpreted, Vv=VM code, C=native code)
V  [jvm.dll+0x672eea]
V  [jvm.dll+0x7d2a04]
V  [jvm.dll+0x7d41ae]
V  [jvm.dll+0x7d4813]
V  [jvm.dll+0x242c15]
V  [jvm.dll+0x66fe09]
V  [jvm.dll+0x664682]
V  [jvm.dll+0x300e8b]
V  [jvm.dll+0x308426]
V  [jvm.dll+0x357ffe]
V  [jvm.dll+0x35822f]
V  [jvm.dll+0x2d80a8]
V  [jvm.dll+0x2d9014]
V  [jvm.dll+0x7a44e1]
V  [jvm.dll+0x365df1]
V  [jvm.dll+0x7838fc]
V  [jvm.dll+0x3e873f]
V  [jvm.dll+0x3ea1e1]
C  [jli.dll+0x527b]
C  [ucrtbase.dll+0x29333]
C  [KERNEL32.DLL+0x1257d]
C  [ntdll.dll+0x5af08]


---------------  P R O C E S S  ---------------

Threads class SMR info:
_java_thread_list=0x00007ffe2061a8d8, length=0, elements={
}

Java Threads: ( => current thread )

Other Threads:
  0x000001f675136a20 GCTaskThread "GC Thread#0" [stack: 0x0000000de9000000,0x0000000de9100000] [id=13916]
  0x000001f6751465a0 ConcurrentGCThread "G1 Main Marker" [stack: 0x0000000de9100000,0x0000000de9200000] [id=12464]
  0x000001f675147750 ConcurrentGCThread "G1 Conc#0" [stack: 0x0000000de9200000,0x0000000de9300000] [id=19616]

[error occurred during error reporting (printing all threads), id 0xc0000005, EXCEPTION_ACCESS_VIOLATION (0xc0000005) at pc=0x00007ffe1fe68a97]

VM state: not at safepoint (not fully initialized)

VM Mutex/Monitor currently owned by a thread:  ([mutex/lock_event])
[0x000001f6750dd360] Heap_lock - owner thread: 0x000001f6750e0d30

Heap address: 0x0000000089e00000, size: 1890 MB, Compressed Oops mode: 32-bit

CDS archive(s) mapped at: [0x0000000000000000-0x0000000000000000-0x0000000000000000), size 0, SharedBaseAddress: 0x0000000800000000, ArchiveRelocationMode: 0.
Narrow klass base: 0x0000000000000000, Narrow klass shift: 0, Narrow klass range: 0x0

GC Precious Log:
<Empty>

Heap:
 garbage-first heap   total 0K, used 0K [0x0000000089e00000, 0x0000000100000000)
  region size 1024K, 0 young (0K), 0 survivors (0K)

[error occurred during error reporting (printing heap information), id 0xc0000005, EXCEPTION_ACCESS_VIOLATION (0xc0000005) at pc=0x00007ffe2024c399]

GC Heap History (0 events):
No events

Deoptimization events (0 events):
No events

Classes unloaded (0 events):
No events

Classes redefined (0 events):
No events

Internal exceptions (0 events):
No events

VM Operations (0 events):
No events

Events (1 events):
Event: 0.051 Loaded shared library C:\Program Files\Java\jdk-17.0.5\bin\java.dll


Dynamic libraries:
0x00007ff604590000 - 0x00007ff6045a0000 	C:\Program Files\Java\jdk-17.0.5\bin\javaw.exe
0x00007ffeb15d0000 - 0x00007ffeb17e7000 	C:\WINDOWS\SYSTEM32\ntdll.dll
0x00007ffeb09e0000 - 0x00007ffeb0aa4000 	C:\WINDOWS\System32\KERNEL32.DLL
0x00007ffeaea50000 - 0x00007ffeaee07000 	C:\WINDOWS\System32\KERNELBASE.dll
0x00007ffeaef60000 - 0x00007ffeaf071000 	C:\WINDOWS\System32\ucrtbase.dll
0x00007ffe97750000 - 0x00007ffe9776a000 	C:\Program Files\Java\jdk-17.0.5\bin\VCRUNTIME140.dll
0x00007ffe97730000 - 0x00007ffe97748000 	C:\Program Files\Java\jdk-17.0.5\bin\jli.dll
0x00007ffeafb00000 - 0x00007ffeafbb2000 	C:\WINDOWS\System32\ADVAPI32.dll
0x00007ffeb05f0000 - 0x00007ffeb0697000 	C:\WINDOWS\System32\msvcrt.dll
0x00007ffeb14e0000 - 0x00007ffeb1588000 	C:\WINDOWS\System32\sechost.dll
0x00007ffeaee10000 - 0x00007ffeaee38000 	C:\WINDOWS\System32\bcrypt.dll
0x00007ffeaf8f0000 - 0x00007ffeafa04000 	C:\WINDOWS\System32\RPCRT4.dll
0x00007ffeb1200000 - 0x00007ffeb13af000 	C:\WINDOWS\System32\USER32.dll
0x00007ffeaf080000 - 0x00007ffeaf0a6000 	C:\WINDOWS\System32\win32u.dll
0x00007ffe90250000 - 0x00007ffe904e3000 	C:\WINDOWS\WinSxS\amd64_microsoft.windows.common-controls_6595b64144ccf1df_6.0.22621.3672_none_2713b9d173822955\COMCTL32.dll
0x00007ffeb06a0000 - 0x00007ffeb06c9000 	C:\WINDOWS\System32\GDI32.dll
0x00007ffeaf170000 - 0x00007ffeaf288000 	C:\WINDOWS\System32\gdi32full.dll
0x00007ffeaeec0000 - 0x00007ffeaef5a000 	C:\WINDOWS\System32\msvcp_win.dll
0x00007ffe9bb10000 - 0x00007ffe9bb1a000 	C:\WINDOWS\SYSTEM32\VERSION.dll
0x00007ffeaf8a0000 - 0x00007ffeaf8d1000 	C:\WINDOWS\System32\IMM32.DLL
0x00007ffea5900000 - 0x00007ffea590c000 	C:\Program Files\Java\jdk-17.0.5\bin\vcruntime140_1.dll
0x00007ffe7d890000 - 0x00007ffe7d91d000 	C:\Program Files\Java\jdk-17.0.5\bin\msvcp140.dll
0x00007ffe1fb80000 - 0x00007ffe20742000 	C:\Program Files\Java\jdk-17.0.5\bin\server\jvm.dll
0x00007ffeb0970000 - 0x00007ffeb0978000 	C:\WINDOWS\System32\PSAPI.DLL
0x00007ffe91470000 - 0x00007ffe91479000 	C:\WINDOWS\SYSTEM32\WSOCK32.dll
0x00007ffea37b0000 - 0x00007ffea37e4000 	C:\WINDOWS\SYSTEM32\WINMM.dll
0x00007ffeb1460000 - 0x00007ffeb14d1000 	C:\WINDOWS\System32\WS2_32.dll
0x00007ffead930000 - 0x00007ffead948000 	C:\WINDOWS\SYSTEM32\kernel.appcore.dll
0x00007ffea5730000 - 0x00007ffea573a000 	C:\Program Files\Java\jdk-17.0.5\bin\jimage.dll
0x00007ffeac3f0000 - 0x00007ffeac622000 	C:\WINDOWS\SYSTEM32\DBGHELP.DLL
0x00007ffeb0d90000 - 0x00007ffeb111e000 	C:\WINDOWS\System32\combase.dll
0x00007ffeb06d0000 - 0x00007ffeb07a7000 	C:\WINDOWS\System32\OLEAUT32.dll
0x00007ffe9b6c0000 - 0x00007ffe9b6f2000 	C:\WINDOWS\SYSTEM32\dbgcore.DLL
0x00007ffeaee40000 - 0x00007ffeaeebb000 	C:\WINDOWS\System32\bcryptPrimitives.dll
0x00007ffe94880000 - 0x00007ffe948a5000 	C:\Program Files\Java\jdk-17.0.5\bin\java.dll

dbghelp: loaded successfully - version: 4.0.5 - missing functions: none
symbol engine: initialized successfully - sym options: 0x614 - pdb path: .;C:\Program Files\Java\jdk-17.0.5\bin;C:\WINDOWS\SYSTEM32;C:\WINDOWS\WinSxS\amd64_microsoft.windows.common-controls_6595b64144ccf1df_6.0.22621.3672_none_2713b9d173822955;C:\Program Files\Java\jdk-17.0.5\bin\server

VM Arguments:
jvm_args: -Dfile.encoding=UTF-8 -Dstdout.encoding=UTF-8 -Dstderr.encoding=UTF-8 --module-path=C:\Users\Dorian\eclipse-workspace\myFirstClass\bin -XX:+ShowCodeDetailsInExceptionMessages -Djdk.module.main=myFirstClass 
java_command: myFirstClass/methods.BMI
java_class_path (initial): <not set>
Launcher Type: SUN_STANDARD

[Global flags]
     intx CICompilerCount                          = 4                                         {product} {ergonomic}
     uint ConcGCThreads                            = 2                                         {product} {ergonomic}
     uint G1ConcRefinementThreads                  = 8                                         {product} {ergonomic}
   size_t G1HeapRegionSize                         = 1048576                                   {product} {ergonomic}
    uintx GCDrainStackTargetSize                   = 64                                        {product} {ergonomic}
   size_t InitialHeapSize                          = 125829120                                 {product} {ergonomic}
   size_t MarkStackSize                            = 4194304                                   {product} {ergonomic}
   size_t MaxHeapSize                              = 1981808640                                {product} {ergonomic}
   size_t MinHeapDeltaBytes                        = 1048576                                   {product} {ergonomic}
   size_t MinHeapSize                              = 8388608                                   {product} {ergonomic}
    uintx NonNMethodCodeHeapSize                   = 5839372                                {pd product} {ergonomic}
    uintx NonProfiledCodeHeapSize                  = 122909434                              {pd product} {ergonomic}
    uintx ProfiledCodeHeapSize                     = 122909434                              {pd product} {ergonomic}
    uintx ReservedCodeCacheSize                    = 251658240                              {pd product} {ergonomic}
     bool SegmentedCodeCache                       = true                                      {product} {ergonomic}
     bool ShowCodeDetailsInExceptionMessages       = true                                   {manageable} {command line}
   size_t SoftMaxHeapSize                          = 1981808640                             {manageable} {ergonomic}
     bool UseCompressedClassPointers               = true                           {product lp64_product} {ergonomic}
     bool UseCompressedOops                        = true                           {product lp64_product} {ergonomic}
     bool UseG1GC                                  = true                                      {product} {ergonomic}
     bool UseLargePagesIndividualAllocation        = false                                  {pd product} {ergonomic}

Logging:
Log output configuration:
 #0: stdout all=warning uptime,level,tags
 #1: stderr all=off uptime,level,tags

Environment Variables:
PATH=C:\Program Files (x86)\VMware\VMware Player\bin\;C:\Program Files\Common Files\Oracle\Java\javapath;C:\WINDOWS\system32;C:\WINDOWS;C:\WINDOWS\System32\Wbem;C:\WINDOWS\System32\WindowsPowerShell\v1.0\;C:\WINDOWS\System32\OpenSSH\;C:\Program Files\Microsoft SQL Server\Client SDK\ODBC\170\Tools\Binn\;C:\Program Files (x86)\Microsoft SQL Server\150\Tools\Binn\;C:\Program Files\Microsoft SQL Server\150\Tools\Binn\;C:\Program Files\Microsoft SQL Server\150\DTS\Binn\;C:\Program Files (x86)\Microsoft SQL Server\150\DTS\Binn\;C:\Program Files\Azure Data Studio\bin;C:\Users\Dorian\.dnx\bin;C:\Program Files\Microsoft DNX\Dnvm\;C:\Program Files\Microsoft SQL Server\120\Tools\Binn\;C:\Program Files\Microsoft SQL Server\130\Tools\Binn\;C:\Program Files (x86)\QuickTime\QTSystem\;C:\Users\Dorian\AppData\Local\Programs\Python\Python313\Scripts\;C:\Users\Dorian\AppData\Local\Programs\Python\Python313\;C:\Users\Dorian\AppData\Local\Programs\Python\Launcher\;C:\Users\Dorian\AppData\Local\Microsoft\WindowsApps;;C:\Users\Dorian\AppData\Local\Programs\Microsoft VS Code\bin;C:\Program Files\Azure Data Studio\bin
USERNAME=Dorian
OS=Windows_NT
PROCESSOR_IDENTIFIER=Intel64 Family 6 Model 142 Stepping 10, GenuineIntel



---------------  S Y S T E M  ---------------

OS:
 Windows 11 , 64 bit Build 22621 (10.0.22621.3958)
OS uptime: 18 days 0:01 hours

CPU: total 8 (initial active 8) (4 cores per cpu, 2 threads per core) family 6 model 142 stepping 10 microcode 0xf4, cx8, cmov, fxsr, ht, mmx, 3dnowpref, sse, sse2, sse3, ssse3, sse4.1, sse4.2, popcnt, lzcnt, tsc, tscinvbit, avx, avx2, aes, erms, clmul, bmi1, bmi2, adx, fma, vzeroupper, clflush, clflushopt

Memory: 4k page, system-wide physical 7555M (741M free)
TotalPageFile size 11651M (AvailPageFile size 57M)
current process WorkingSet (physical memory assigned to process): 11M, peak: 11M
current process commit charge ("private bytes"): 60M, peak: 180M

vm_info: Java HotSpot(TM) 64-Bit Server VM (17.0.5+9-LTS-191) for windows-amd64 JRE (17.0.5+9-LTS-191), built on Sep 13 2022 17:31:43 by "mach5one" with MS VC++ 16.8 / 16.9 (VS2019)

END.
