#
# There is insufficient memory for the Java Runtime Environment to continue.
# Native memory allocation (malloc) failed to allocate 112336 bytes for Chunk::new
# Possible reasons:
#   The system is out of physical RAM or swap space
#   The process is running with CompressedOops enabled, and the Java Heap may be blocking the growth of the native heap
# Possible solutions:
#   Reduce memory load on the system
#   Increase physical memory or swap space
#   Check if swap backing store is full
#   Decrease Java heap size (-Xmx/-Xms)
#   Decrease number of Java threads
#   Decrease Java thread stack sizes (-Xss)
#   Set larger code cache with -XX:ReservedCodeCacheSize=
#   JVM is running with Unscaled Compressed Oops mode in which the Java heap is
#     placed in the first 4GB address space. The Java Heap base address is the
#     maximum limit for the native heap growth. Please use -XX:HeapBaseMinAddress
#     to set the Java Heap base and to place the Java Heap above 4GB virtual address.
# This output file may be truncated or incomplete.
#
#  Out of Memory Error (arena.cpp:189), pid=25856, tid=13616
#
# JRE version: Java(TM) SE Runtime Environment (17.0.5+9) (build 17.0.5+9-LTS-191)
# Java VM: Java HotSpot(TM) 64-Bit Server VM (17.0.5+9-LTS-191, mixed mode, tiered, compressed oops, compressed class ptrs, g1 gc, windows-amd64)
# No core dump will be written. Minidumps are not enabled by default on client versions of Windows
#

---------------  S U M M A R Y ------------

Command Line: -Dfile.encoding=UTF-8 -Dstdout.encoding=UTF-8 -Dstderr.encoding=UTF-8 --module-path=C:\Users\Dorian\eclipse-workspace\Recursion\bin -XX:+ShowCodeDetailsInExceptionMessages -Djdk.module.main=Recursion Recursion/rec.Recursion

Host: Intel(R) Core(TM) i7-8550U CPU @ 1.80GHz, 8 cores, 7G,  Windows 11 , 64 bit Build 22621 (10.0.22621.4391)
Time: Thu Jan  2 10:23:34 2025 E. Africa Standard Time elapsed time: 0.243729 seconds (0d 0h 0m 0s)

---------------  T H R E A D  ---------------

Current thread (0x000001b820fdd950):  JavaThread "C2 CompilerThread0" daemon [_thread_in_native, id=13616, stack(0x0000002cfeb00000,0x0000002cfec00000)]


Current CompileTask:
C2:    243  175       4       java.util.HashMap::putVal (300 bytes)

Stack: [0x0000002cfeb00000,0x0000002cfec00000]
Native frames: (J=compiled Java code, j=interpreted, Vv=VM code, C=native code)
V  [jvm.dll+0x672eea]
V  [jvm.dll+0x7d2a04]
V  [jvm.dll+0x7d41ae]
V  [jvm.dll+0x7d4813]
V  [jvm.dll+0x242c15]
V  [jvm.dll+0xaa57b]
V  [jvm.dll+0xaab0c]
V  [jvm.dll+0x2a997f]
V  [jvm.dll+0x57b307]
V  [jvm.dll+0x21de72]
V  [jvm.dll+0x21737f]
V  [jvm.dll+0x214fdb]
V  [jvm.dll+0x1a18ed]
V  [jvm.dll+0x22493a]
V  [jvm.dll+0x222aa5]
V  [jvm.dll+0x7885db]
V  [jvm.dll+0x782b4a]
V  [jvm.dll+0x671d75]
C  [ucrtbase.dll+0x29333]
C  [KERNEL32.DLL+0x1259d]
C  [ntdll.dll+0x5af38]


---------------  P R O C E S S  ---------------

Threads class SMR info:
_java_thread_list=0x000001b821b6ea00, length=12, elements={
0x000001b820fa37f0, 0x000001b820f84b80, 0x000001b820f8a620, 0x000001b820f8afd0,
0x000001b820fd9f60, 0x000001b820fdb460, 0x000001b820fdd950, 0x000001b82191ae90,
0x000001b82191dc80, 0x000001b820f29ef0, 0x000001b821b904b0, 0x000001b803355ad0
}

Java Threads: ( => current thread )
  0x000001b820fa37f0 JavaThread "Reference Handler" daemon [_thread_blocked, id=12632, stack(0x0000002cfe500000,0x0000002cfe600000)]
  0x000001b820f84b80 JavaThread "Finalizer" daemon [_thread_blocked, id=5852, stack(0x0000002cfe600000,0x0000002cfe700000)]
  0x000001b820f8a620 JavaThread "Signal Dispatcher" daemon [_thread_blocked, id=31972, stack(0x0000002cfe700000,0x0000002cfe800000)]
  0x000001b820f8afd0 JavaThread "Attach Listener" daemon [_thread_blocked, id=20260, stack(0x0000002cfe800000,0x0000002cfe900000)]
  0x000001b820fd9f60 JavaThread "Service Thread" daemon [_thread_blocked, id=20568, stack(0x0000002cfe900000,0x0000002cfea00000)]
  0x000001b820fdb460 JavaThread "Monitor Deflation Thread" daemon [_thread_blocked, id=28544, stack(0x0000002cfea00000,0x0000002cfeb00000)]
=>0x000001b820fdd950 JavaThread "C2 CompilerThread0" daemon [_thread_in_native, id=13616, stack(0x0000002cfeb00000,0x0000002cfec00000)]
  0x000001b82191ae90 JavaThread "C1 CompilerThread0" daemon [_thread_blocked, id=26532, stack(0x0000002cfec00000,0x0000002cfed00000)]
  0x000001b82191dc80 JavaThread "Sweeper thread" daemon [_thread_blocked, id=24396, stack(0x0000002cfed00000,0x0000002cfee00000)]
  0x000001b820f29ef0 JavaThread "Common-Cleaner" daemon [_thread_blocked, id=16420, stack(0x0000002cfee00000,0x0000002cfef00000)]
  0x000001b821b904b0 JavaThread "Notification Thread" daemon [_thread_blocked, id=2252, stack(0x0000002cfef00000,0x0000002cff000000)]
  0x000001b803355ad0 JavaThread "DestroyJavaVM" [_thread_blocked, id=12780, stack(0x0000002cfde00000,0x0000002cfdf00000)]

Other Threads:
  0x000001b820f448e0 VMThread "VM Thread" [stack: 0x0000002cfe400000,0x0000002cfe500000] [id=27716]
  0x000001b821ba0a00 WatcherThread [stack: 0x0000002cff000000,0x0000002cff100000] [id=860]
  0x000001b8033a9860 GCTaskThread "GC Thread#0" [stack: 0x0000002cfdf00000,0x0000002cfe000000] [id=34208]
  0x000001b8033b93e0 ConcurrentGCThread "G1 Main Marker" [stack: 0x0000002cfe000000,0x0000002cfe100000] [id=23348]
  0x000001b8033ba9a0 ConcurrentGCThread "G1 Conc#0" [stack: 0x0000002cfe100000,0x0000002cfe200000] [id=25412]
  0x000001b80341d840 ConcurrentGCThread "G1 Refine#0" [stack: 0x0000002cfe200000,0x0000002cfe300000] [id=32472]
  0x000001b80341e260 ConcurrentGCThread "G1 Service" [stack: 0x0000002cfe300000,0x0000002cfe400000] [id=18068]

Threads with active compile tasks:
C2 CompilerThread0      283  175       4       java.util.HashMap::putVal (300 bytes)

VM state: not at safepoint (normal execution)

VM Mutex/Monitor currently owned by a thread: None

Heap address: 0x0000000089e00000, size: 1890 MB, Compressed Oops mode: 32-bit

CDS archive(s) not mapped
Compressed class space mapped at: 0x0000000100000000-0x0000000140000000, reserved size: 1073741824
Narrow klass base: 0x0000000000000000, Narrow klass shift: 3, Narrow klass range: 0x140000000

GC Precious Log:
 CPUs: 8 total, 8 available
 Memory: 7555M
 Large Page Support: Disabled
 NUMA Support: Disabled
 Compressed Oops: Enabled (32-bit)
 Heap Region Size: 1M
 Heap Min Capacity: 8M
 Heap Initial Capacity: 120M
 Heap Max Capacity: 1890M
 Pre-touch: Disabled
 Parallel Workers: 8
 Concurrent Workers: 2
 Concurrent Refinement Workers: 8
 Periodic GC: Disabled

Heap:
 garbage-first heap   total 122880K, used 1024K [0x0000000089e00000, 0x0000000100000000)
  region size 1024K, 2 young (2048K), 0 survivors (0K)
 Metaspace       used 6200K, committed 6400K, reserved 1056768K
  class space    used 539K, committed 640K, reserved 1048576K

Heap Regions: E=young(eden), S=young(survivor), O=old, HS=humongous(starts), HC=humongous(continues), CS=collection set, F=free, OA=open archive, CA=closed archive, TAMS=top-at-mark-start (previous, next)
|   0|0x0000000089e00000, 0x0000000089e00000, 0x0000000089f00000|  0%| F|  |TAMS 0x0000000089e00000, 0x0000000089e00000| Untracked 
|   1|0x0000000089f00000, 0x0000000089f00000, 0x000000008a000000|  0%| F|  |TAMS 0x0000000089f00000, 0x0000000089f00000| Untracked 
|   2|0x000000008a000000, 0x000000008a000000, 0x000000008a100000|  0%| F|  |TAMS 0x000000008a000000, 0x000000008a000000| Untracked 
|   3|0x000000008a100000, 0x000000008a100000, 0x000000008a200000|  0%| F|  |TAMS 0x000000008a100000, 0x000000008a100000| Untracked 
|   4|0x000000008a200000, 0x000000008a200000, 0x000000008a300000|  0%| F|  |TAMS 0x000000008a200000, 0x000000008a200000| Untracked 
|   5|0x000000008a300000, 0x000000008a300000, 0x000000008a400000|  0%| F|  |TAMS 0x000000008a300000, 0x000000008a300000| Untracked 
|   6|0x000000008a400000, 0x000000008a400000, 0x000000008a500000|  0%| F|  |TAMS 0x000000008a400000, 0x000000008a400000| Untracked 
|   7|0x000000008a500000, 0x000000008a500000, 0x000000008a600000|  0%| F|  |TAMS 0x000000008a500000, 0x000000008a500000| Untracked 
|   8|0x000000008a600000, 0x000000008a600000, 0x000000008a700000|  0%| F|  |TAMS 0x000000008a600000, 0x000000008a600000| Untracked 
|   9|0x000000008a700000, 0x000000008a700000, 0x000000008a800000|  0%| F|  |TAMS 0x000000008a700000, 0x000000008a700000| Untracked 
|  10|0x000000008a800000, 0x000000008a800000, 0x000000008a900000|  0%| F|  |TAMS 0x000000008a800000, 0x000000008a800000| Untracked 
|  11|0x000000008a900000, 0x000000008a900000, 0x000000008aa00000|  0%| F|  |TAMS 0x000000008a900000, 0x000000008a900000| Untracked 
|  12|0x000000008aa00000, 0x000000008aa00000, 0x000000008ab00000|  0%| F|  |TAMS 0x000000008aa00000, 0x000000008aa00000| Untracked 
|  13|0x000000008ab00000, 0x000000008ab00000, 0x000000008ac00000|  0%| F|  |TAMS 0x000000008ab00000, 0x000000008ab00000| Untracked 
|  14|0x000000008ac00000, 0x000000008ac00000, 0x000000008ad00000|  0%| F|  |TAMS 0x000000008ac00000, 0x000000008ac00000| Untracked 
|  15|0x000000008ad00000, 0x000000008ad00000, 0x000000008ae00000|  0%| F|  |TAMS 0x000000008ad00000, 0x000000008ad00000| Untracked 
|  16|0x000000008ae00000, 0x000000008ae00000, 0x000000008af00000|  0%| F|  |TAMS 0x000000008ae00000, 0x000000008ae00000| Untracked 
|  17|0x000000008af00000, 0x000000008af00000, 0x000000008b000000|  0%| F|  |TAMS 0x000000008af00000, 0x000000008af00000| Untracked 
|  18|0x000000008b000000, 0x000000008b000000, 0x000000008b100000|  0%| F|  |TAMS 0x000000008b000000, 0x000000008b000000| Untracked 
|  19|0x000000008b100000, 0x000000008b100000, 0x000000008b200000|  0%| F|  |TAMS 0x000000008b100000, 0x000000008b100000| Untracked 
|  20|0x000000008b200000, 0x000000008b200000, 0x000000008b300000|  0%| F|  |TAMS 0x000000008b200000, 0x000000008b200000| Untracked 
|  21|0x000000008b300000, 0x000000008b300000, 0x000000008b400000|  0%| F|  |TAMS 0x000000008b300000, 0x000000008b300000| Untracked 
|  22|0x000000008b400000, 0x000000008b400000, 0x000000008b500000|  0%| F|  |TAMS 0x000000008b400000, 0x000000008b400000| Untracked 
|  23|0x000000008b500000, 0x000000008b500000, 0x000000008b600000|  0%| F|  |TAMS 0x000000008b500000, 0x000000008b500000| Untracked 
|  24|0x000000008b600000, 0x000000008b600000, 0x000000008b700000|  0%| F|  |TAMS 0x000000008b600000, 0x000000008b600000| Untracked 
|  25|0x000000008b700000, 0x000000008b700000, 0x000000008b800000|  0%| F|  |TAMS 0x000000008b700000, 0x000000008b700000| Untracked 
|  26|0x000000008b800000, 0x000000008b800000, 0x000000008b900000|  0%| F|  |TAMS 0x000000008b800000, 0x000000008b800000| Untracked 
|  27|0x000000008b900000, 0x000000008b900000, 0x000000008ba00000|  0%| F|  |TAMS 0x000000008b900000, 0x000000008b900000| Untracked 
|  28|0x000000008ba00000, 0x000000008ba00000, 0x000000008bb00000|  0%| F|  |TAMS 0x000000008ba00000, 0x000000008ba00000| Untracked 
|  29|0x000000008bb00000, 0x000000008bb00000, 0x000000008bc00000|  0%| F|  |TAMS 0x000000008bb00000, 0x000000008bb00000| Untracked 
|  30|0x000000008bc00000, 0x000000008bc00000, 0x000000008bd00000|  0%| F|  |TAMS 0x000000008bc00000, 0x000000008bc00000| Untracked 
|  31|0x000000008bd00000, 0x000000008bd00000, 0x000000008be00000|  0%| F|  |TAMS 0x000000008bd00000, 0x000000008bd00000| Untracked 
|  32|0x000000008be00000, 0x000000008be00000, 0x000000008bf00000|  0%| F|  |TAMS 0x000000008be00000, 0x000000008be00000| Untracked 
|  33|0x000000008bf00000, 0x000000008bf00000, 0x000000008c000000|  0%| F|  |TAMS 0x000000008bf00000, 0x000000008bf00000| Untracked 
|  34|0x000000008c000000, 0x000000008c000000, 0x000000008c100000|  0%| F|  |TAMS 0x000000008c000000, 0x000000008c000000| Untracked 
|  35|0x000000008c100000, 0x000000008c100000, 0x000000008c200000|  0%| F|  |TAMS 0x000000008c100000, 0x000000008c100000| Untracked 
|  36|0x000000008c200000, 0x000000008c200000, 0x000000008c300000|  0%| F|  |TAMS 0x000000008c200000, 0x000000008c200000| Untracked 
|  37|0x000000008c300000, 0x000000008c300000, 0x000000008c400000|  0%| F|  |TAMS 0x000000008c300000, 0x000000008c300000| Untracked 
|  38|0x000000008c400000, 0x000000008c400000, 0x000000008c500000|  0%| F|  |TAMS 0x000000008c400000, 0x000000008c400000| Untracked 
|  39|0x000000008c500000, 0x000000008c500000, 0x000000008c600000|  0%| F|  |TAMS 0x000000008c500000, 0x000000008c500000| Untracked 
|  40|0x000000008c600000, 0x000000008c600000, 0x000000008c700000|  0%| F|  |TAMS 0x000000008c600000, 0x000000008c600000| Untracked 
|  41|0x000000008c700000, 0x000000008c700000, 0x000000008c800000|  0%| F|  |TAMS 0x000000008c700000, 0x000000008c700000| Untracked 
|  42|0x000000008c800000, 0x000000008c800000, 0x000000008c900000|  0%| F|  |TAMS 0x000000008c800000, 0x000000008c800000| Untracked 
|  43|0x000000008c900000, 0x000000008c900000, 0x000000008ca00000|  0%| F|  |TAMS 0x000000008c900000, 0x000000008c900000| Untracked 
|  44|0x000000008ca00000, 0x000000008ca00000, 0x000000008cb00000|  0%| F|  |TAMS 0x000000008ca00000, 0x000000008ca00000| Untracked 
|  45|0x000000008cb00000, 0x000000008cb00000, 0x000000008cc00000|  0%| F|  |TAMS 0x000000008cb00000, 0x000000008cb00000| Untracked 
|  46|0x000000008cc00000, 0x000000008cc00000, 0x000000008cd00000|  0%| F|  |TAMS 0x000000008cc00000, 0x000000008cc00000| Untracked 
|  47|0x000000008cd00000, 0x000000008cd00000, 0x000000008ce00000|  0%| F|  |TAMS 0x000000008cd00000, 0x000000008cd00000| Untracked 
|  48|0x000000008ce00000, 0x000000008ce00000, 0x000000008cf00000|  0%| F|  |TAMS 0x000000008ce00000, 0x000000008ce00000| Untracked 
|  49|0x000000008cf00000, 0x000000008cf00000, 0x000000008d000000|  0%| F|  |TAMS 0x000000008cf00000, 0x000000008cf00000| Untracked 
|  50|0x000000008d000000, 0x000000008d000000, 0x000000008d100000|  0%| F|  |TAMS 0x000000008d000000, 0x000000008d000000| Untracked 
|  51|0x000000008d100000, 0x000000008d100000, 0x000000008d200000|  0%| F|  |TAMS 0x000000008d100000, 0x000000008d100000| Untracked 
|  52|0x000000008d200000, 0x000000008d200000, 0x000000008d300000|  0%| F|  |TAMS 0x000000008d200000, 0x000000008d200000| Untracked 
|  53|0x000000008d300000, 0x000000008d300000, 0x000000008d400000|  0%| F|  |TAMS 0x000000008d300000, 0x000000008d300000| Untracked 
|  54|0x000000008d400000, 0x000000008d400000, 0x000000008d500000|  0%| F|  |TAMS 0x000000008d400000, 0x000000008d400000| Untracked 
|  55|0x000000008d500000, 0x000000008d500000, 0x000000008d600000|  0%| F|  |TAMS 0x000000008d500000, 0x000000008d500000| Untracked 
|  56|0x000000008d600000, 0x000000008d600000, 0x000000008d700000|  0%| F|  |TAMS 0x000000008d600000, 0x000000008d600000| Untracked 
|  57|0x000000008d700000, 0x000000008d700000, 0x000000008d800000|  0%| F|  |TAMS 0x000000008d700000, 0x000000008d700000| Untracked 
|  58|0x000000008d800000, 0x000000008d800000, 0x000000008d900000|  0%| F|  |TAMS 0x000000008d800000, 0x000000008d800000| Untracked 
|  59|0x000000008d900000, 0x000000008d900000, 0x000000008da00000|  0%| F|  |TAMS 0x000000008d900000, 0x000000008d900000| Untracked 
|  60|0x000000008da00000, 0x000000008da00000, 0x000000008db00000|  0%| F|  |TAMS 0x000000008da00000, 0x000000008da00000| Untracked 
|  61|0x000000008db00000, 0x000000008db00000, 0x000000008dc00000|  0%| F|  |TAMS 0x000000008db00000, 0x000000008db00000| Untracked 
|  62|0x000000008dc00000, 0x000000008dc00000, 0x000000008dd00000|  0%| F|  |TAMS 0x000000008dc00000, 0x000000008dc00000| Untracked 
|  63|0x000000008dd00000, 0x000000008dd00000, 0x000000008de00000|  0%| F|  |TAMS 0x000000008dd00000, 0x000000008dd00000| Untracked 
|  64|0x000000008de00000, 0x000000008de00000, 0x000000008df00000|  0%| F|  |TAMS 0x000000008de00000, 0x000000008de00000| Untracked 
|  65|0x000000008df00000, 0x000000008df00000, 0x000000008e000000|  0%| F|  |TAMS 0x000000008df00000, 0x000000008df00000| Untracked 
|  66|0x000000008e000000, 0x000000008e000000, 0x000000008e100000|  0%| F|  |TAMS 0x000000008e000000, 0x000000008e000000| Untracked 
|  67|0x000000008e100000, 0x000000008e100000, 0x000000008e200000|  0%| F|  |TAMS 0x000000008e100000, 0x000000008e100000| Untracked 
|  68|0x000000008e200000, 0x000000008e200000, 0x000000008e300000|  0%| F|  |TAMS 0x000000008e200000, 0x000000008e200000| Untracked 
|  69|0x000000008e300000, 0x000000008e300000, 0x000000008e400000|  0%| F|  |TAMS 0x000000008e300000, 0x000000008e300000| Untracked 
|  70|0x000000008e400000, 0x000000008e400000, 0x000000008e500000|  0%| F|  |TAMS 0x000000008e400000, 0x000000008e400000| Untracked 
|  71|0x000000008e500000, 0x000000008e500000, 0x000000008e600000|  0%| F|  |TAMS 0x000000008e500000, 0x000000008e500000| Untracked 
|  72|0x000000008e600000, 0x000000008e600000, 0x000000008e700000|  0%| F|  |TAMS 0x000000008e600000, 0x000000008e600000| Untracked 
|  73|0x000000008e700000, 0x000000008e700000, 0x000000008e800000|  0%| F|  |TAMS 0x000000008e700000, 0x000000008e700000| Untracked 
|  74|0x000000008e800000, 0x000000008e800000, 0x000000008e900000|  0%| F|  |TAMS 0x000000008e800000, 0x000000008e800000| Untracked 
|  75|0x000000008e900000, 0x000000008e900000, 0x000000008ea00000|  0%| F|  |TAMS 0x000000008e900000, 0x000000008e900000| Untracked 
|  76|0x000000008ea00000, 0x000000008ea00000, 0x000000008eb00000|  0%| F|  |TAMS 0x000000008ea00000, 0x000000008ea00000| Untracked 
|  77|0x000000008eb00000, 0x000000008eb00000, 0x000000008ec00000|  0%| F|  |TAMS 0x000000008eb00000, 0x000000008eb00000| Untracked 
|  78|0x000000008ec00000, 0x000000008ec00000, 0x000000008ed00000|  0%| F|  |TAMS 0x000000008ec00000, 0x000000008ec00000| Untracked 
|  79|0x000000008ed00000, 0x000000008ed00000, 0x000000008ee00000|  0%| F|  |TAMS 0x000000008ed00000, 0x000000008ed00000| Untracked 
|  80|0x000000008ee00000, 0x000000008ee00000, 0x000000008ef00000|  0%| F|  |TAMS 0x000000008ee00000, 0x000000008ee00000| Untracked 
|  81|0x000000008ef00000, 0x000000008ef00000, 0x000000008f000000|  0%| F|  |TAMS 0x000000008ef00000, 0x000000008ef00000| Untracked 
|  82|0x000000008f000000, 0x000000008f000000, 0x000000008f100000|  0%| F|  |TAMS 0x000000008f000000, 0x000000008f000000| Untracked 
|  83|0x000000008f100000, 0x000000008f100000, 0x000000008f200000|  0%| F|  |TAMS 0x000000008f100000, 0x000000008f100000| Untracked 
|  84|0x000000008f200000, 0x000000008f200000, 0x000000008f300000|  0%| F|  |TAMS 0x000000008f200000, 0x000000008f200000| Untracked 
|  85|0x000000008f300000, 0x000000008f300000, 0x000000008f400000|  0%| F|  |TAMS 0x000000008f300000, 0x000000008f300000| Untracked 
|  86|0x000000008f400000, 0x000000008f400000, 0x000000008f500000|  0%| F|  |TAMS 0x000000008f400000, 0x000000008f400000| Untracked 
|  87|0x000000008f500000, 0x000000008f500000, 0x000000008f600000|  0%| F|  |TAMS 0x000000008f500000, 0x000000008f500000| Untracked 
|  88|0x000000008f600000, 0x000000008f600000, 0x000000008f700000|  0%| F|  |TAMS 0x000000008f600000, 0x000000008f600000| Untracked 
|  89|0x000000008f700000, 0x000000008f700000, 0x000000008f800000|  0%| F|  |TAMS 0x000000008f700000, 0x000000008f700000| Untracked 
|  90|0x000000008f800000, 0x000000008f800000, 0x000000008f900000|  0%| F|  |TAMS 0x000000008f800000, 0x000000008f800000| Untracked 
|  91|0x000000008f900000, 0x000000008f900000, 0x000000008fa00000|  0%| F|  |TAMS 0x000000008f900000, 0x000000008f900000| Untracked 
|  92|0x000000008fa00000, 0x000000008fa00000, 0x000000008fb00000|  0%| F|  |TAMS 0x000000008fa00000, 0x000000008fa00000| Untracked 
|  93|0x000000008fb00000, 0x000000008fb00000, 0x000000008fc00000|  0%| F|  |TAMS 0x000000008fb00000, 0x000000008fb00000| Untracked 
|  94|0x000000008fc00000, 0x000000008fc00000, 0x000000008fd00000|  0%| F|  |TAMS 0x000000008fc00000, 0x000000008fc00000| Untracked 
|  95|0x000000008fd00000, 0x000000008fd00000, 0x000000008fe00000|  0%| F|  |TAMS 0x000000008fd00000, 0x000000008fd00000| Untracked 
|  96|0x000000008fe00000, 0x000000008fe00000, 0x000000008ff00000|  0%| F|  |TAMS 0x000000008fe00000, 0x000000008fe00000| Untracked 
|  97|0x000000008ff00000, 0x000000008ff00000, 0x0000000090000000|  0%| F|  |TAMS 0x000000008ff00000, 0x000000008ff00000| Untracked 
|  98|0x0000000090000000, 0x0000000090000000, 0x0000000090100000|  0%| F|  |TAMS 0x0000000090000000, 0x0000000090000000| Untracked 
|  99|0x0000000090100000, 0x0000000090100000, 0x0000000090200000|  0%| F|  |TAMS 0x0000000090100000, 0x0000000090100000| Untracked 
| 100|0x0000000090200000, 0x0000000090200000, 0x0000000090300000|  0%| F|  |TAMS 0x0000000090200000, 0x0000000090200000| Untracked 
| 101|0x0000000090300000, 0x0000000090300000, 0x0000000090400000|  0%| F|  |TAMS 0x0000000090300000, 0x0000000090300000| Untracked 
| 102|0x0000000090400000, 0x0000000090400000, 0x0000000090500000|  0%| F|  |TAMS 0x0000000090400000, 0x0000000090400000| Untracked 
| 103|0x0000000090500000, 0x0000000090500000, 0x0000000090600000|  0%| F|  |TAMS 0x0000000090500000, 0x0000000090500000| Untracked 
| 104|0x0000000090600000, 0x0000000090600000, 0x0000000090700000|  0%| F|  |TAMS 0x0000000090600000, 0x0000000090600000| Untracked 
| 105|0x0000000090700000, 0x0000000090700000, 0x0000000090800000|  0%| F|  |TAMS 0x0000000090700000, 0x0000000090700000| Untracked 
| 106|0x0000000090800000, 0x0000000090800000, 0x0000000090900000|  0%| F|  |TAMS 0x0000000090800000, 0x0000000090800000| Untracked 
| 107|0x0000000090900000, 0x0000000090900000, 0x0000000090a00000|  0%| F|  |TAMS 0x0000000090900000, 0x0000000090900000| Untracked 
| 108|0x0000000090a00000, 0x0000000090a00000, 0x0000000090b00000|  0%| F|  |TAMS 0x0000000090a00000, 0x0000000090a00000| Untracked 
| 109|0x0000000090b00000, 0x0000000090b00000, 0x0000000090c00000|  0%| F|  |TAMS 0x0000000090b00000, 0x0000000090b00000| Untracked 
| 110|0x0000000090c00000, 0x0000000090c00000, 0x0000000090d00000|  0%| F|  |TAMS 0x0000000090c00000, 0x0000000090c00000| Untracked 
| 111|0x0000000090d00000, 0x0000000090d00000, 0x0000000090e00000|  0%| F|  |TAMS 0x0000000090d00000, 0x0000000090d00000| Untracked 
| 112|0x0000000090e00000, 0x0000000090e00000, 0x0000000090f00000|  0%| F|  |TAMS 0x0000000090e00000, 0x0000000090e00000| Untracked 
| 113|0x0000000090f00000, 0x0000000090f00000, 0x0000000091000000|  0%| F|  |TAMS 0x0000000090f00000, 0x0000000090f00000| Untracked 
| 114|0x0000000091000000, 0x0000000091000000, 0x0000000091100000|  0%| F|  |TAMS 0x0000000091000000, 0x0000000091000000| Untracked 
| 115|0x0000000091100000, 0x0000000091100000, 0x0000000091200000|  0%| F|  |TAMS 0x0000000091100000, 0x0000000091100000| Untracked 
| 116|0x0000000091200000, 0x0000000091200000, 0x0000000091300000|  0%| F|  |TAMS 0x0000000091200000, 0x0000000091200000| Untracked 
| 117|0x0000000091300000, 0x0000000091300000, 0x0000000091400000|  0%| F|  |TAMS 0x0000000091300000, 0x0000000091300000| Untracked 
| 118|0x0000000091400000, 0x0000000091500000, 0x0000000091500000|100%| E|  |TAMS 0x0000000091400000, 0x0000000091400000| Complete 
| 119|0x0000000091500000, 0x0000000091600000, 0x0000000091600000|100%| E|CS|TAMS 0x0000000091500000, 0x0000000091500000| Complete 

Card table byte_map: [0x000001b81a2b0000,0x000001b81a670000] _byte_map_base: 0x000001b819e61000

Marking Bits (Prev, Next): (CMBitMap*) 0x000001b8033a9e70, (CMBitMap*) 0x000001b8033a9eb0
 Prev Bits: [0x000001b81aa30000, 0x000001b81c7b8000)
 Next Bits: [0x000001b81c7c0000, 0x000001b81e548000)

Polling page: 0x000001b802b20000

Metaspace:

Usage:
  Non-class:      5.53 MB used.
      Class:    539.33 KB used.
       Both:      6.06 MB used.

Virtual space:
  Non-class space:        8.00 MB reserved,       5.62 MB ( 70%) committed,  1 nodes.
      Class space:        1.00 GB reserved,     640.00 KB ( <1%) committed,  1 nodes.
             Both:        1.01 GB reserved,       6.25 MB ( <1%) committed. 

Chunk freelists:
   Non-Class:  2.24 MB
       Class:  3.25 MB
        Both:  5.49 MB

MaxMetaspaceSize: unlimited
CompressedClassSpaceSize: 1.00 GB
Initial GC threshold: 21.00 MB
Current GC threshold: 21.00 MB
CDS: off
MetaspaceReclaimPolicy: balanced
 - commit_granule_bytes: 65536.
 - commit_granule_words: 8192.
 - virtual_space_node_default_size: 1048576.
 - enlarge_chunks_in_place: 1.
 - new_chunks_are_fully_committed: 0.
 - uncommit_free_chunks: 1.
 - use_allocation_guard: 0.
 - handle_deallocations: 1.


Internal statistics:

num_allocs_failed_limit: 0.
num_arena_births: 10.
num_arena_deaths: 0.
num_vsnodes_births: 2.
num_vsnodes_deaths: 0.
num_space_committed: 100.
num_space_uncommitted: 0.
num_chunks_returned_to_freelist: 0.
num_chunks_taken_from_freelist: 21.
num_chunk_merges: 0.
num_chunk_splits: 8.
num_chunks_enlarged: 3.
num_purges: 0.
num_inconsistent_stats: 0.

CodeHeap 'non-profiled nmethods': size=120000Kb used=46Kb max_used=46Kb free=119953Kb
 bounds [0x000001b812690000, 0x000001b812900000, 0x000001b819bc0000]
CodeHeap 'profiled nmethods': size=120000Kb used=217Kb max_used=217Kb free=119783Kb
 bounds [0x000001b80b160000, 0x000001b80b3d0000, 0x000001b812690000]
CodeHeap 'non-nmethods': size=5760Kb used=1096Kb max_used=1109Kb free=4663Kb
 bounds [0x000001b80abc0000, 0x000001b80ae30000, 0x000001b80b160000]
 total_blobs=549 nmethods=178 adapters=284
 compilation: enabled
              stopped_count=0, restarted_count=0
 full_count=0

Compilation events (20 events):
Event: 0.235 Thread 0x000001b82191ae90  167       3       java.lang.String::getBytes (46 bytes)
Event: 0.235 Thread 0x000001b82191ae90 nmethod 167 0x000001b80b192490 code [0x000001b80b192660, 0x000001b80b192978]
Event: 0.235 Thread 0x000001b82191ae90  164       1       java.lang.module.ModuleDescriptor::packages (5 bytes)
Event: 0.235 Thread 0x000001b82191ae90 nmethod 164 0x000001b81269b490 code [0x000001b81269b620, 0x000001b81269b6f8]
Event: 0.235 Thread 0x000001b82191ae90  168       3       java.util.HashMap::<init> (11 bytes)
Event: 0.236 Thread 0x000001b82191ae90 nmethod 168 0x000001b80b192a90 code [0x000001b80b192c40, 0x000001b80b192e18]
Event: 0.236 Thread 0x000001b82191ae90  169       3       java.util.ImmutableCollections$Set12::iterator (9 bytes)
Event: 0.236 Thread 0x000001b82191ae90 nmethod 169 0x000001b80b192f10 code [0x000001b80b1930c0, 0x000001b80b193398]
Event: 0.236 Thread 0x000001b82191ae90  171       3       java.util.ImmutableCollections$Set12$1::next (95 bytes)
Event: 0.236 Thread 0x000001b82191ae90 nmethod 171 0x000001b80b193490 code [0x000001b80b193640, 0x000001b80b1938c8]
Event: 0.236 Thread 0x000001b82191ae90  173       3       jdk.internal.module.ModuleReferenceImpl::hashCode (56 bytes)
Event: 0.236 Thread 0x000001b82191ae90 nmethod 173 0x000001b80b193a10 code [0x000001b80b193c00, 0x000001b80b194068]
Event: 0.236 Thread 0x000001b82191ae90  172       3       java.util.AbstractSet::<init> (5 bytes)
Event: 0.236 Thread 0x000001b82191ae90 nmethod 172 0x000001b80b194210 code [0x000001b80b1943c0, 0x000001b80b194578]
Event: 0.236 Thread 0x000001b82191ae90  170       3       java.util.ImmutableCollections$Set12$1::<init> (32 bytes)
Event: 0.236 Thread 0x000001b82191ae90 nmethod 170 0x000001b80b194690 code [0x000001b80b194840, 0x000001b80b194a78]
Event: 0.237 Thread 0x000001b82191ae90  174       1       java.lang.module.ModuleDescriptor$Provides::service (5 bytes)
Event: 0.237 Thread 0x000001b82191ae90 nmethod 174 0x000001b81269b790 code [0x000001b81269b920, 0x000001b81269b9f8]
Event: 0.239 Thread 0x000001b820fdd950  175       4       java.util.HashMap::putVal (300 bytes)
Event: 0.242 Thread 0x000001b82191ae90  176       3       java.lang.StringUTF16::getChar (60 bytes)

GC Heap History (0 events):
No events

Deoptimization events (4 events):
Event: 0.242 Thread 0x000001b803355ad0 Uncommon trap: trap_request=0xffffff45 fr.pc=0x000001b81269825c relative=0x000000000000005c
Event: 0.242 Thread 0x000001b803355ad0 Uncommon trap: reason=unstable_if action=reinterpret pc=0x000001b81269825c method=java.lang.String.isLatin1()Z @ 10 c2
Event: 0.242 Thread 0x000001b803355ad0 DEOPT PACKING pc=0x000001b81269825c sp=0x0000002cfdefe420
Event: 0.242 Thread 0x000001b803355ad0 DEOPT UNPACKING pc=0x000001b80ac123a3 sp=0x0000002cfdefe3b0 mode 2

Classes unloaded (0 events):
No events

Classes redefined (0 events):
No events

Internal exceptions (1 events):
Event: 0.212 Thread 0x000001b803355ad0 Exception <a 'java/lang/NoSuchMethodError'{0x0000000091436c18}: 'void java.lang.invoke.DirectMethodHandle$Holder.invokeVirtual(java.lang.Object, java.lang.Object)'> (0x0000000091436c18) 
thrown [s\open\src\hotspot\share\interpreter\linkResolver.cpp, line 759]

VM Operations (2 events):
Event: 0.227 Executing VM operation: HandshakeAllThreads
Event: 0.227 Executing VM operation: HandshakeAllThreads done

Events (20 events):
Event: 0.239 loading class sun/util/locale/LocaleUtils
Event: 0.240 loading class sun/util/locale/LocaleUtils done
Event: 0.240 loading class jdk/internal/vm/PostVMInitHook$2
Event: 0.240 loading class jdk/internal/vm/PostVMInitHook$2 done
Event: 0.240 loading class jdk/internal/util/EnvUtils
Event: 0.240 loading class jdk/internal/util/EnvUtils done
Event: 0.240 loading class jdk/internal/vm/PostVMInitHook$1
Event: 0.240 loading class jdk/internal/vm/PostVMInitHook$1 done
Event: 0.240 loading class sun/launcher/LauncherHelper
Event: 0.241 loading class sun/launcher/LauncherHelper done
Event: 0.241 loading class sun/nio/cs/SingleByte$Decoder
Event: 0.241 loading class sun/nio/cs/ArrayDecoder
Event: 0.241 loading class sun/nio/cs/ArrayDecoder done
Event: 0.242 loading class java/nio/charset/CharsetDecoder
Event: 0.242 loading class java/nio/charset/CharsetDecoder done
Event: 0.242 loading class sun/nio/cs/SingleByte$Decoder done
Event: 0.242 loading class sun/nio/cs/MS1252$Holder
Event: 0.242 loading class sun/nio/cs/MS1252$Holder done
Event: 0.242 loading class sun/nio/cs/SingleByte
Event: 0.242 loading class sun/nio/cs/SingleByte done


Dynamic libraries:
0x00007ff620100000 - 0x00007ff620110000 	C:\Program Files\Java\jdk-17.0.5\bin\javaw.exe
0x00007ffc194d0000 - 0x00007ffc196e7000 	C:\WINDOWS\SYSTEM32\ntdll.dll
0x00007ffc183a0000 - 0x00007ffc18464000 	C:\WINDOWS\System32\KERNEL32.DLL
0x00007ffc16a90000 - 0x00007ffc16e49000 	C:\WINDOWS\System32\KERNELBASE.dll
0x00007ffc16f10000 - 0x00007ffc17021000 	C:\WINDOWS\System32\ucrtbase.dll
0x00007ffc12b70000 - 0x00007ffc12b88000 	C:\Program Files\Java\jdk-17.0.5\bin\jli.dll
0x00007ffc171f0000 - 0x00007ffc172a2000 	C:\WINDOWS\System32\ADVAPI32.dll
0x00007ffc18080000 - 0x00007ffc18127000 	C:\WINDOWS\System32\msvcrt.dll
0x00007ffc17a80000 - 0x00007ffc17b27000 	C:\WINDOWS\System32\sechost.dll
0x00007ffc168f0000 - 0x00007ffc16918000 	C:\WINDOWS\System32\bcrypt.dll
0x00007ffc19310000 - 0x00007ffc19424000 	C:\WINDOWS\System32\RPCRT4.dll
0x00007ffc18780000 - 0x00007ffc1892e000 	C:\WINDOWS\System32\USER32.dll
0x00007ffc16840000 - 0x00007ffc16866000 	C:\WINDOWS\System32\win32u.dll
0x00007ffc172b0000 - 0x00007ffc172d9000 	C:\WINDOWS\System32\GDI32.dll
0x00007ffc170d0000 - 0x00007ffc171eb000 	C:\WINDOWS\System32\gdi32full.dll
0x00007ffc17030000 - 0x00007ffc170ca000 	C:\WINDOWS\System32\msvcp_win.dll
0x00007ffbfea10000 - 0x00007ffbfeca2000 	C:\WINDOWS\WinSxS\amd64_microsoft.windows.common-controls_6595b64144ccf1df_6.0.22621.4391_none_2715d37f73803e96\COMCTL32.dll
0x00007ffc08b20000 - 0x00007ffc08b2a000 	C:\WINDOWS\SYSTEM32\VERSION.dll
0x00007ffc11b20000 - 0x00007ffc11b3a000 	C:\Program Files\Java\jdk-17.0.5\bin\VCRUNTIME140.dll
0x00007ffc179b0000 - 0x00007ffc179e1000 	C:\WINDOWS\System32\IMM32.DLL
0x00007ffc11bd0000 - 0x00007ffc11bdc000 	C:\Program Files\Java\jdk-17.0.5\bin\vcruntime140_1.dll
0x00007ffc11310000 - 0x00007ffc1139d000 	C:\Program Files\Java\jdk-17.0.5\bin\msvcp140.dll
0x00007ffba1ba0000 - 0x00007ffba2762000 	C:\Program Files\Java\jdk-17.0.5\bin\server\jvm.dll
0x00007ffc17b50000 - 0x00007ffc17b58000 	C:\WINDOWS\System32\PSAPI.DLL
0x00007ffc0b480000 - 0x00007ffc0b4b4000 	C:\WINDOWS\SYSTEM32\WINMM.dll
0x00007ffbf5e90000 - 0x00007ffbf5e99000 	C:\WINDOWS\SYSTEM32\WSOCK32.dll
0x00007ffc17ef0000 - 0x00007ffc17f61000 	C:\WINDOWS\System32\WS2_32.dll
0x00007ffc15810000 - 0x00007ffc15828000 	C:\WINDOWS\SYSTEM32\kernel.appcore.dll
0x00007ffc11300000 - 0x00007ffc1130a000 	C:\Program Files\Java\jdk-17.0.5\bin\jimage.dll
0x00007ffc14140000 - 0x00007ffc14372000 	C:\WINDOWS\SYSTEM32\DBGHELP.DLL
0x00007ffc17b60000 - 0x00007ffc17eef000 	C:\WINDOWS\System32\combase.dll
0x00007ffc177c0000 - 0x00007ffc17897000 	C:\WINDOWS\System32\OLEAUT32.dll
0x00007ffbf5ec0000 - 0x00007ffbf5ef2000 	C:\WINDOWS\SYSTEM32\dbgcore.DLL
0x00007ffc16870000 - 0x00007ffc168eb000 	C:\WINDOWS\System32\bcryptPrimitives.dll
0x00007ffc112d0000 - 0x00007ffc112f5000 	C:\Program Files\Java\jdk-17.0.5\bin\java.dll
0x00007ffc0fdc0000 - 0x00007ffc0fe96000 	C:\Program Files\Java\jdk-17.0.5\bin\jsvml.dll
0x00007ffc18a90000 - 0x00007ffc19306000 	C:\WINDOWS\System32\SHELL32.dll
0x00007ffc14710000 - 0x00007ffc15013000 	C:\WINDOWS\SYSTEM32\windows.storage.dll
0x00007ffc145d0000 - 0x00007ffc1470f000 	C:\WINDOWS\SYSTEM32\wintypes.dll
0x00007ffc178a0000 - 0x00007ffc17999000 	C:\WINDOWS\System32\SHCORE.dll
0x00007ffc18930000 - 0x00007ffc1898e000 	C:\WINDOWS\System32\shlwapi.dll
0x00007ffc16700000 - 0x00007ffc1672b000 	C:\WINDOWS\SYSTEM32\profapi.dll
0x00007ffc11290000 - 0x00007ffc112a9000 	C:\Program Files\Java\jdk-17.0.5\bin\net.dll
0x00007ffc0d430000 - 0x00007ffc0d566000 	C:\WINDOWS\SYSTEM32\WINHTTP.dll
0x00007ffc15c90000 - 0x00007ffc15cf9000 	C:\WINDOWS\system32\mswsock.dll
0x00007ffc11270000 - 0x00007ffc11286000 	C:\Program Files\Java\jdk-17.0.5\bin\nio.dll

dbghelp: loaded successfully - version: 4.0.5 - missing functions: none
symbol engine: initialized successfully - sym options: 0x614 - pdb path: .;C:\Program Files\Java\jdk-17.0.5\bin;C:\WINDOWS\SYSTEM32;C:\WINDOWS\WinSxS\amd64_microsoft.windows.common-controls_6595b64144ccf1df_6.0.22621.4391_none_2715d37f73803e96;C:\Program Files\Java\jdk-17.0.5\bin\server

VM Arguments:
jvm_args: -Dfile.encoding=UTF-8 -Dstdout.encoding=UTF-8 -Dstderr.encoding=UTF-8 --module-path=C:\Users\Dorian\eclipse-workspace\Recursion\bin -XX:+ShowCodeDetailsInExceptionMessages -Djdk.module.main=Recursion 
java_command: Recursion/rec.Recursion
java_class_path (initial): <not set>
Launcher Type: SUN_STANDARD

[Global flags]
     intx CICompilerCount                          = 4                                         {product} {ergonomic}
     uint ConcGCThreads                            = 2                                         {product} {ergonomic}
     uint G1ConcRefinementThreads                  = 8                                         {product} {ergonomic}
   size_t G1HeapRegionSize                         = 1048576                                   {product} {ergonomic}
    uintx GCDrainStackTargetSize                   = 64                                        {product} {ergonomic}
   size_t InitialHeapSize                          = 125829120                                 {product} {ergonomic}
   size_t MarkStackSize                            = 4194304                                   {product} {ergonomic}
   size_t MaxHeapSize                              = 1981808640                                {product} {ergonomic}
   size_t MaxNewSize                               = 1189085184                                {product} {ergonomic}
   size_t MinHeapDeltaBytes                        = 1048576                                   {product} {ergonomic}
   size_t MinHeapSize                              = 8388608                                   {product} {ergonomic}
    uintx NonNMethodCodeHeapSize                   = 5839372                                {pd product} {ergonomic}
    uintx NonProfiledCodeHeapSize                  = 122909434                              {pd product} {ergonomic}
    uintx ProfiledCodeHeapSize                     = 122909434                              {pd product} {ergonomic}
    uintx ReservedCodeCacheSize                    = 251658240                              {pd product} {ergonomic}
     bool SegmentedCodeCache                       = true                                      {product} {ergonomic}
     bool ShowCodeDetailsInExceptionMessages       = true                                   {manageable} {command line}
   size_t SoftMaxHeapSize                          = 1981808640                             {manageable} {ergonomic}
     bool UseCompressedClassPointers               = true                           {product lp64_product} {ergonomic}
     bool UseCompressedOops                        = true                           {product lp64_product} {ergonomic}
     bool UseG1GC                                  = true                                      {product} {ergonomic}
     bool UseLargePagesIndividualAllocation        = false                                  {pd product} {ergonomic}

Logging:
Log output configuration:
 #0: stdout all=warning uptime,level,tags
 #1: stderr all=off uptime,level,tags

Environment Variables:
PATH=C:\Program Files (x86)\VMware\VMware Player\bin\;C:\Program Files\Common Files\Oracle\Java\javapath;C:\WINDOWS\system32;C:\WINDOWS;C:\WINDOWS\System32\Wbem;C:\WINDOWS\System32\WindowsPowerShell\v1.0\;C:\WINDOWS\System32\OpenSSH\;C:\Program Files\Microsoft SQL Server\Client SDK\ODBC\170\Tools\Binn\;C:\Program Files (x86)\Microsoft SQL Server\150\Tools\Binn\;C:\Program Files\Microsoft SQL Server\150\Tools\Binn\;C:\Program Files\Microsoft SQL Server\150\DTS\Binn\;C:\Program Files (x86)\Microsoft SQL Server\150\DTS\Binn\;C:\Program Files\Azure Data Studio\bin;C:\Users\Dorian\.dnx\bin;C:\Program Files\Microsoft DNX\Dnvm\;C:\Program Files\Microsoft SQL Server\120\Tools\Binn\;C:\Program Files\Microsoft SQL Server\130\Tools\Binn\;C:\Program Files (x86)\QuickTime\QTSystem\;C:\Users\Dorian\AppData\Local\Programs\Python\Python313\Scripts\;C:\Users\Dorian\AppData\Local\Programs\Python\Python313\;C:\Users\Dorian\AppData\Local\Programs\Python\Launcher\;C:\Users\Dorian\AppData\Local\Microsoft\WindowsApps;;C:\Users\Dorian\AppData\Local\Programs\Microsoft VS Code\bin;C:\Program Files\Azure Data Studio\bin
USERNAME=Dorian
OS=Windows_NT
PROCESSOR_IDENTIFIER=Intel64 Family 6 Model 142 Stepping 10, GenuineIntel



---------------  S Y S T E M  ---------------

OS:
 Windows 11 , 64 bit Build 22621 (10.0.22621.4391)
OS uptime: 48 days 1:25 hours

CPU: total 8 (initial active 8) (4 cores per cpu, 2 threads per core) family 6 model 142 stepping 10 microcode 0xf6, cx8, cmov, fxsr, ht, mmx, 3dnowpref, sse, sse2, sse3, ssse3, sse4.1, sse4.2, popcnt, lzcnt, tsc, tscinvbit, avx, avx2, aes, erms, clmul, bmi1, bmi2, adx, fma, vzeroupper, clflush, clflushopt

Memory: 4k page, system-wide physical 7555M (646M free)
TotalPageFile size 11651M (AvailPageFile size 16M)
current process WorkingSet (physical memory assigned to process): 31M, peak: 31M
current process commit charge ("private bytes"): 197M, peak: 197M

vm_info: Java HotSpot(TM) 64-Bit Server VM (17.0.5+9-LTS-191) for windows-amd64 JRE (17.0.5+9-LTS-191), built on Sep 13 2022 17:31:43 by "mach5one" with MS VC++ 16.8 / 16.9 (VS2019)

END.
